<?xml version="1.0" encoding="UTF-8"?>
<!-- Generated by org.testng.reporters.JUnitReportReporter -->
<testsuite skipped="0" hostname="Jalarambapa" name="com.orangehrmlive.opensourcedemo.testsuite.ForgotPasswordPageTest" tests="1" failures="0" timestamp="2022-12-13T22:33:26 GMT" time="8.035" errors="0">
  <testcase name="userShouldNavigateToForgotPasswordPageSuccessfully" time="8.035" classname="com.orangehrmlive.opensourcedemo.testsuite.ForgotPasswordPageTest"/>
  <system-out>
    <![CDATA[Click on Forgot Password Link [[ChromeDriver: chrome on WINDOWS (114666b85337cbf6d23f2bb8c0d6d608)] -> xpath: //p[@class = 'oxd-text oxd-text--p orangehrm-login-forgot-header']]
Reset Title Message[[ChromeDriver: chrome on WINDOWS (114666b85337cbf6d23f2bb8c0d6d608)] -> xpath: //h6[@class='oxd-text oxd-text--h6 orangehrm-forgot-password-title']]]]>
  </system-out>
</testsuite> <!-- com.orangehrmlive.opensourcedemo.testsuite.ForgotPasswordPageTest -->
